mode: set
parkingSlotManagement/cli/client.go:19.13,21.16 2 0
parkingSlotManagement/cli/client.go:21.16,23.3 1 0
parkingSlotManagement/cli/client.go:29.2,50.6 9 0
parkingSlotManagement/cli/client.go:50.6,60.17 8 0
parkingSlotManagement/cli/client.go:60.17,62.12 2 0
parkingSlotManagement/cli/client.go:65.3,67.8 3 0
parkingSlotManagement/cli/client.go:70.2,70.6 1 0
parkingSlotManagement/cli/client.go:70.6,82.17 10 0
parkingSlotManagement/cli/client.go:83.12,92.41 8 0
parkingSlotManagement/cli/client.go:92.41,94.13 2 0
parkingSlotManagement/cli/client.go:97.4,101.18 2 0
parkingSlotManagement/cli/client.go:101.18,103.5 1 0
parkingSlotManagement/cli/client.go:103.10,111.5 6 0
parkingSlotManagement/cli/client.go:113.12,119.18 5 0
parkingSlotManagement/cli/client.go:119.18,121.5 1 0
parkingSlotManagement/cli/client.go:121.10,124.5 2 0
parkingSlotManagement/cli/client.go:126.12,128.18 2 0
parkingSlotManagement/cli/client.go:128.18,130.5 1 0
parkingSlotManagement/cli/client.go:130.10,133.32 3 0
parkingSlotManagement/cli/client.go:133.32,135.6 1 0
parkingSlotManagement/cli/client.go:138.12,143.18 5 0
parkingSlotManagement/cli/client.go:143.18,145.13 2 0
parkingSlotManagement/cli/client.go:148.4,152.47 4 0
parkingSlotManagement/cli/client.go:152.47,154.13 2 0
parkingSlotManagement/cli/client.go:157.4,162.18 2 0
parkingSlotManagement/cli/client.go:162.18,164.5 1 0
parkingSlotManagement/cli/client.go:164.10,166.5 1 0
parkingSlotManagement/cli/client.go:168.12,170.10 2 0
parkingSlotManagement/cli/client.go:172.11,173.64 1 0
parkingSlotManagement/cmd/app/app.go:16.14,18.16 2 0
parkingSlotManagement/cmd/app/app.go:18.16,20.3 1 0
parkingSlotManagement/cmd/app/app.go:21.2,47.33 15 0
parkingSlotManagement/internals/adapters/repositories/inmemmory/slotInMemo.go:12.40,15.2 1 0
parkingSlotManagement/internals/adapters/repositories/inmemmory/slotInMemo.go:17.58,20.2 2 0
parkingSlotManagement/internals/adapters/repositories/inmemmory/slotInMemo.go:21.61,23.9 2 0
parkingSlotManagement/internals/adapters/repositories/inmemmory/slotInMemo.go:23.9,25.3 1 0
parkingSlotManagement/internals/adapters/repositories/inmemmory/slotInMemo.go:26.2,28.12 3 0
parkingSlotManagement/internals/adapters/repositories/inmemmory/slotInMemo.go:30.69,32.31 2 0
parkingSlotManagement/internals/adapters/repositories/inmemmory/slotInMemo.go:32.31,33.18 1 0
parkingSlotManagement/internals/adapters/repositories/inmemmory/slotInMemo.go:33.18,35.4 1 0
parkingSlotManagement/internals/adapters/repositories/inmemmory/slotInMemo.go:38.2,38.28 1 0
parkingSlotManagement/internals/adapters/repositories/inmemmory/slotInMemo.go:40.80,42.31 2 0
parkingSlotManagement/internals/adapters/repositories/inmemmory/slotInMemo.go:42.31,43.32 1 0
parkingSlotManagement/internals/adapters/repositories/inmemmory/slotInMemo.go:43.32,45.4 1 0
parkingSlotManagement/internals/adapters/repositories/inmemmory/slotInMemo.go:47.2,47.28 1 0
parkingSlotManagement/internals/adapters/repositories/inmemmory/slotInMemo.go:49.70,52.9 2 0
parkingSlotManagement/internals/adapters/repositories/inmemmory/slotInMemo.go:52.9,54.3 1 0
parkingSlotManagement/internals/adapters/repositories/inmemmory/slotInMemo.go:55.2,55.32 1 0
parkingSlotManagement/internals/adapters/repositories/inmemmory/slotInMemo.go:57.72,59.9 2 0
parkingSlotManagement/internals/adapters/repositories/inmemmory/slotInMemo.go:59.9,61.3 1 0
parkingSlotManagement/internals/adapters/repositories/inmemmory/slotInMemo.go:62.2,62.24 1 0
parkingSlotManagement/internals/adapters/repositories/inmemmory/ticketInMemo.go:13.44,15.2 1 0
parkingSlotManagement/internals/adapters/repositories/inmemmory/ticketInMemo.go:16.66,19.2 2 0
parkingSlotManagement/internals/adapters/repositories/inmemmory/ticketInMemo.go:20.62,23.9 2 0
parkingSlotManagement/internals/adapters/repositories/inmemmory/ticketInMemo.go:23.9,25.3 1 0
parkingSlotManagement/internals/adapters/repositories/inmemmory/ticketInMemo.go:26.2,27.12 2 0
parkingSlotManagement/internals/adapters/repositories/inmemmory/ticketInMemo.go:30.99,32.28 1 0
parkingSlotManagement/internals/adapters/repositories/inmemmory/ticketInMemo.go:32.28,34.3 1 0
parkingSlotManagement/internals/adapters/repositories/inmemmory/ticketInMemo.go:36.2,36.35 1 0
parkingSlotManagement/internals/adapters/repositories/inmemmory/ticketInMemo.go:36.35,37.44 1 0
parkingSlotManagement/internals/adapters/repositories/inmemmory/ticketInMemo.go:37.44,39.4 1 0
parkingSlotManagement/internals/adapters/repositories/inmemmory/ticketInMemo.go:41.2,41.27 1 0
parkingSlotManagement/main.go:5.13,7.2 1 0
parkingSlotManagement/internals/adapters/requestHandlers/middleware/auth_middleware.go:9.91,10.54 1 0
parkingSlotManagement/internals/adapters/requestHandlers/middleware/auth_middleware.go:10.54,12.23 2 0
parkingSlotManagement/internals/adapters/requestHandlers/middleware/auth_middleware.go:12.23,15.4 2 0
parkingSlotManagement/internals/adapters/requestHandlers/middleware/auth_middleware.go:17.3,18.46 2 0
parkingSlotManagement/internals/adapters/requestHandlers/middleware/auth_middleware.go:18.46,21.4 2 0
parkingSlotManagement/internals/adapters/requestHandlers/middleware/auth_middleware.go:23.3,27.17 3 0
parkingSlotManagement/internals/adapters/requestHandlers/middleware/auth_middleware.go:27.17,30.4 2 0
parkingSlotManagement/internals/adapters/requestHandlers/middleware/auth_middleware.go:32.3,32.23 1 0
parkingSlotManagement/internals/adapters/requestHandlers/handler.go:17.61,21.2 1 1
parkingSlotManagement/internals/adapters/requestHandlers/handler.go:22.79,24.65 2 1
parkingSlotManagement/internals/adapters/requestHandlers/handler.go:24.65,27.3 2 1
parkingSlotManagement/internals/adapters/requestHandlers/handler.go:28.2,30.16 3 1
parkingSlotManagement/internals/adapters/requestHandlers/handler.go:30.16,33.3 2 1
parkingSlotManagement/internals/adapters/requestHandlers/handler.go:34.2,36.35 3 1
parkingSlotManagement/internals/adapters/requestHandlers/handler.go:39.81,43.61 2 1
parkingSlotManagement/internals/adapters/requestHandlers/handler.go:43.61,46.3 2 0
parkingSlotManagement/internals/adapters/requestHandlers/handler.go:47.2,48.16 2 1
parkingSlotManagement/internals/adapters/requestHandlers/handler.go:48.16,51.3 2 1
parkingSlotManagement/internals/adapters/requestHandlers/handler.go:52.2,58.4 3 1
parkingSlotManagement/internals/adapters/requestHandlers/handler.go:61.68,63.62 2 1
parkingSlotManagement/internals/adapters/requestHandlers/handler.go:63.62,66.3 2 1
parkingSlotManagement/internals/adapters/requestHandlers/handler.go:67.2,68.16 2 1
parkingSlotManagement/internals/adapters/requestHandlers/handler.go:68.16,71.3 2 0
parkingSlotManagement/internals/adapters/requestHandlers/handler.go:72.2,73.44 2 1
parkingSlotManagement/internals/adapters/requestHandlers/handler.go:77.78,79.16 2 1
parkingSlotManagement/internals/adapters/requestHandlers/handler.go:79.16,82.3 2 0
parkingSlotManagement/internals/adapters/requestHandlers/handler.go:84.2,87.57 3 1
parkingSlotManagement/internals/adapters/requestHandlers/handler.go:87.57,89.3 1 0
parkingSlotManagement/internals/adapters/requestHandlers/handler.go:93.66,94.54 1 1
parkingSlotManagement/internals/adapters/requestHandlers/handler.go:94.54,102.17 4 1
parkingSlotManagement/internals/adapters/requestHandlers/handler.go:102.17,105.4 2 1
parkingSlotManagement/internals/adapters/requestHandlers/handler.go:107.3,107.63 1 1
parkingSlotManagement/internals/core/services/auth/auth.go:24.40,33.2 1 1
parkingSlotManagement/internals/core/services/auth/auth.go:35.76,36.66 1 1
parkingSlotManagement/internals/core/services/auth/auth.go:36.66,38.3 1 1
parkingSlotManagement/internals/core/services/auth/auth.go:40.2,45.48 2 1
parkingSlotManagement/internals/core/services/auth/auth.go:48.81,51.80 2 1
parkingSlotManagement/internals/core/services/auth/auth.go:51.80,53.3 1 1
parkingSlotManagement/internals/core/services/auth/auth.go:55.2,55.16 1 1
parkingSlotManagement/internals/core/services/auth/auth.go:55.16,58.3 2 1
parkingSlotManagement/internals/core/services/auth/auth.go:60.2,60.18 1 1
parkingSlotManagement/internals/core/services/auth/auth.go:60.18,63.3 2 0
parkingSlotManagement/internals/core/services/auth/auth.go:65.2,65.22 1 1
parkingSlotManagement/internals/adapters/repositories/mysql/errors.go:16.44,17.16 1 1
parkingSlotManagement/internals/adapters/repositories/mysql/errors.go:17.16,20.3 1 1
parkingSlotManagement/internals/adapters/repositories/mysql/errors.go:21.2,21.12 1 1
parkingSlotManagement/internals/adapters/repositories/mysql/mysql.go:19.28,20.17 1 0
parkingSlotManagement/internals/adapters/repositories/mysql/mysql.go:20.17,24.17 2 0
parkingSlotManagement/internals/adapters/repositories/mysql/mysql.go:24.17,26.4 1 0
parkingSlotManagement/internals/adapters/repositories/mysql/mysql.go:27.3,36.17 9 0
parkingSlotManagement/internals/adapters/repositories/mysql/mysql.go:36.17,38.4 1 0
parkingSlotManagement/internals/adapters/repositories/mysql/mysql.go:40.3,40.35 1 0
parkingSlotManagement/internals/adapters/repositories/mysql/mysql.go:40.35,42.4 1 0
parkingSlotManagement/internals/adapters/repositories/mysql/mysql.go:44.3,44.49 1 0
parkingSlotManagement/internals/adapters/repositories/mysql/mysql.go:47.2,47.11 1 0
parkingSlotManagement/internals/adapters/repositories/mysql/slotRepo.go:12.40,14.2 1 1
parkingSlotManagement/internals/adapters/repositories/mysql/slotRepo.go:16.53,20.16 2 1
parkingSlotManagement/internals/adapters/repositories/mysql/slotRepo.go:20.16,22.3 1 1
parkingSlotManagement/internals/adapters/repositories/mysql/slotRepo.go:23.2,23.12 1 1
parkingSlotManagement/internals/adapters/repositories/mysql/slotRepo.go:27.56,30.16 2 1
parkingSlotManagement/internals/adapters/repositories/mysql/slotRepo.go:30.16,32.3 1 1
parkingSlotManagement/internals/adapters/repositories/mysql/slotRepo.go:33.2,34.16 2 1
parkingSlotManagement/internals/adapters/repositories/mysql/slotRepo.go:34.16,36.3 1 0
parkingSlotManagement/internals/adapters/repositories/mysql/slotRepo.go:37.2,37.14 1 1
parkingSlotManagement/internals/adapters/repositories/mysql/slotRepo.go:37.14,39.3 1 0
parkingSlotManagement/internals/adapters/repositories/mysql/slotRepo.go:40.2,40.12 1 1
parkingSlotManagement/internals/adapters/repositories/mysql/slotRepo.go:42.64,44.16 2 1
parkingSlotManagement/internals/adapters/repositories/mysql/slotRepo.go:44.16,46.3 1 1
parkingSlotManagement/internals/adapters/repositories/mysql/slotRepo.go:47.2,50.18 3 1
parkingSlotManagement/internals/adapters/repositories/mysql/slotRepo.go:50.18,52.70 2 1
parkingSlotManagement/internals/adapters/repositories/mysql/slotRepo.go:52.70,54.4 1 0
parkingSlotManagement/internals/adapters/repositories/mysql/slotRepo.go:55.3,55.27 1 1
parkingSlotManagement/internals/adapters/repositories/mysql/slotRepo.go:57.2,57.19 1 1
parkingSlotManagement/internals/adapters/repositories/mysql/slotRepo.go:59.75,62.16 3 1
parkingSlotManagement/internals/adapters/repositories/mysql/slotRepo.go:62.16,64.3 1 1
parkingSlotManagement/internals/adapters/repositories/mysql/slotRepo.go:65.2,67.18 2 1
parkingSlotManagement/internals/adapters/repositories/mysql/slotRepo.go:67.18,69.79 2 1
parkingSlotManagement/internals/adapters/repositories/mysql/slotRepo.go:69.79,71.4 1 0
parkingSlotManagement/internals/adapters/repositories/mysql/slotRepo.go:72.3,72.30 1 1
parkingSlotManagement/internals/adapters/repositories/mysql/slotRepo.go:74.2,74.19 1 1
parkingSlotManagement/internals/adapters/repositories/mysql/slotRepo.go:77.65,81.16 4 1
parkingSlotManagement/internals/adapters/repositories/mysql/slotRepo.go:81.16,83.27 1 1
parkingSlotManagement/internals/adapters/repositories/mysql/slotRepo.go:83.27,85.4 1 1
parkingSlotManagement/internals/adapters/repositories/mysql/slotRepo.go:86.3,86.57 1 1
parkingSlotManagement/internals/adapters/repositories/mysql/slotRepo.go:88.2,88.22 1 1
parkingSlotManagement/internals/adapters/repositories/mysql/slotRepo.go:91.67,95.16 4 1
parkingSlotManagement/internals/adapters/repositories/mysql/slotRepo.go:95.16,96.27 1 1
parkingSlotManagement/internals/adapters/repositories/mysql/slotRepo.go:96.27,98.4 1 1
parkingSlotManagement/internals/adapters/repositories/mysql/slotRepo.go:99.3,99.53 1 1
parkingSlotManagement/internals/adapters/repositories/mysql/slotRepo.go:101.2,101.19 1 1
parkingSlotManagement/internals/adapters/repositories/mysql/ticketRepo.go:13.44,15.2 1 1
parkingSlotManagement/internals/adapters/repositories/mysql/ticketRepo.go:16.61,19.16 2 1
parkingSlotManagement/internals/adapters/repositories/mysql/ticketRepo.go:19.16,21.3 1 1
parkingSlotManagement/internals/adapters/repositories/mysql/ticketRepo.go:22.2,22.12 1 1
parkingSlotManagement/internals/adapters/repositories/mysql/ticketRepo.go:24.57,27.16 2 1
parkingSlotManagement/internals/adapters/repositories/mysql/ticketRepo.go:27.16,29.3 1 1
parkingSlotManagement/internals/adapters/repositories/mysql/ticketRepo.go:30.2,30.12 1 1
parkingSlotManagement/internals/adapters/repositories/mysql/ticketRepo.go:33.94,40.16 5 1
parkingSlotManagement/internals/adapters/repositories/mysql/ticketRepo.go:40.16,41.27 1 1
parkingSlotManagement/internals/adapters/repositories/mysql/ticketRepo.go:41.27,43.4 1 0
parkingSlotManagement/internals/adapters/repositories/mysql/ticketRepo.go:44.3,44.31 1 1
parkingSlotManagement/internals/adapters/repositories/mysql/ticketRepo.go:47.2,48.16 2 1
parkingSlotManagement/internals/adapters/repositories/mysql/ticketRepo.go:48.16,50.3 1 0
parkingSlotManagement/internals/adapters/repositories/mysql/ticketRepo.go:52.2,52.21 1 1
parkingSlotManagement/internals/core/services/parking/errors.go:23.44,24.16 1 1
parkingSlotManagement/internals/core/services/parking/errors.go:24.16,27.3 1 1
parkingSlotManagement/internals/core/services/parking/errors.go:28.2,28.12 1 1
parkingSlotManagement/internals/core/services/parking/parking.go:15.90,19.2 1 1
parkingSlotManagement/internals/core/services/parking/parking.go:21.86,24.40 2 1
parkingSlotManagement/internals/core/services/parking/parking.go:24.40,26.3 1 0
parkingSlotManagement/internals/core/services/parking/parking.go:27.2,27.27 1 1
parkingSlotManagement/internals/core/services/parking/parking.go:27.27,30.3 1 1
parkingSlotManagement/internals/core/services/parking/parking.go:32.2,33.16 2 1
parkingSlotManagement/internals/core/services/parking/parking.go:33.16,35.3 1 0
parkingSlotManagement/internals/core/services/parking/parking.go:36.2,37.23 2 1
parkingSlotManagement/internals/core/services/parking/parking.go:37.23,38.22 1 1
parkingSlotManagement/internals/core/services/parking/parking.go:38.22,40.9 2 1
parkingSlotManagement/internals/core/services/parking/parking.go:44.2,44.27 1 1
parkingSlotManagement/internals/core/services/parking/parking.go:44.27,46.3 1 0
parkingSlotManagement/internals/core/services/parking/parking.go:47.2,48.62 2 1
parkingSlotManagement/internals/core/services/parking/parking.go:48.62,50.3 1 0
parkingSlotManagement/internals/core/services/parking/parking.go:51.2,57.57 2 1
parkingSlotManagement/internals/core/services/parking/parking.go:57.57,59.3 1 0
parkingSlotManagement/internals/core/services/parking/parking.go:60.2,60.20 1 1
parkingSlotManagement/internals/core/services/parking/parking.go:64.31,67.2 1 1
parkingSlotManagement/internals/core/services/parking/parking.go:69.79,72.33 3 1
parkingSlotManagement/internals/core/services/parking/parking.go:72.33,74.3 1 1
parkingSlotManagement/internals/core/services/parking/parking.go:75.2,77.31 2 1
parkingSlotManagement/internals/core/services/parking/parking.go:77.31,79.3 1 1
parkingSlotManagement/internals/core/services/parking/parking.go:81.2,82.16 2 1
parkingSlotManagement/internals/core/services/parking/parking.go:82.16,84.3 1 1
parkingSlotManagement/internals/core/services/parking/parking.go:86.2,87.52 2 1
parkingSlotManagement/internals/core/services/parking/parking.go:87.52,89.3 1 0
parkingSlotManagement/internals/core/services/parking/parking.go:91.2,91.66 1 1
parkingSlotManagement/internals/core/services/parking/parking.go:91.66,93.3 1 0
parkingSlotManagement/internals/core/services/parking/parking.go:95.2,95.17 1 1
parkingSlotManagement/internals/core/services/parking/parking.go:98.58,102.2 2 1
parkingSlotManagement/internals/core/services/parking/parking.go:103.69,105.16 2 1
parkingSlotManagement/internals/core/services/parking/parking.go:105.16,107.3 1 0
parkingSlotManagement/internals/core/services/parking/parking.go:108.2,108.19 1 1
parkingSlotManagement/internals/core/services/parking/parking.go:111.110,113.16 2 1
parkingSlotManagement/internals/core/services/parking/parking.go:113.16,115.3 1 0
parkingSlotManagement/internals/core/services/parking/parking.go:116.2,118.18 2 1
parkingSlotManagement/internals/core/services/parking/parking.go:119.13,121.18 2 1
parkingSlotManagement/internals/core/services/parking/parking.go:122.14,124.18 2 1
parkingSlotManagement/internals/core/services/parking/parking.go:125.10,126.34 1 1
