mode: set
parkingSlotManagement/internals/adapters/repositories/mysql/errors.go:16.44,17.16 1 1
parkingSlotManagement/internals/adapters/repositories/mysql/errors.go:17.16,20.3 1 1
parkingSlotManagement/internals/adapters/repositories/mysql/errors.go:21.2,21.12 1 0
parkingSlotManagement/internals/adapters/repositories/mysql/mysql.go:19.28,20.17 1 0
parkingSlotManagement/internals/adapters/repositories/mysql/mysql.go:20.17,22.17 2 0
parkingSlotManagement/internals/adapters/repositories/mysql/mysql.go:22.17,24.4 1 0
parkingSlotManagement/internals/adapters/repositories/mysql/mysql.go:25.3,34.17 9 0
parkingSlotManagement/internals/adapters/repositories/mysql/mysql.go:34.17,36.4 1 0
parkingSlotManagement/internals/adapters/repositories/mysql/mysql.go:38.3,38.35 1 0
parkingSlotManagement/internals/adapters/repositories/mysql/mysql.go:38.35,40.4 1 0
parkingSlotManagement/internals/adapters/repositories/mysql/mysql.go:42.3,42.49 1 0
parkingSlotManagement/internals/adapters/repositories/mysql/mysql.go:45.2,45.11 1 0
parkingSlotManagement/internals/adapters/repositories/mysql/slotRepo.go:12.40,14.2 1 1
parkingSlotManagement/internals/adapters/repositories/mysql/slotRepo.go:16.53,20.16 2 1
parkingSlotManagement/internals/adapters/repositories/mysql/slotRepo.go:20.16,22.3 1 1
parkingSlotManagement/internals/adapters/repositories/mysql/slotRepo.go:23.2,23.12 1 1
parkingSlotManagement/internals/adapters/repositories/mysql/slotRepo.go:27.56,30.16 2 1
parkingSlotManagement/internals/adapters/repositories/mysql/slotRepo.go:30.16,32.3 1 1
parkingSlotManagement/internals/adapters/repositories/mysql/slotRepo.go:33.2,34.16 2 1
parkingSlotManagement/internals/adapters/repositories/mysql/slotRepo.go:34.16,36.3 1 0
parkingSlotManagement/internals/adapters/repositories/mysql/slotRepo.go:37.2,37.14 1 1
parkingSlotManagement/internals/adapters/repositories/mysql/slotRepo.go:37.14,39.3 1 0
parkingSlotManagement/internals/adapters/repositories/mysql/slotRepo.go:40.2,40.12 1 1
parkingSlotManagement/internals/adapters/repositories/mysql/slotRepo.go:42.64,44.16 2 1
parkingSlotManagement/internals/adapters/repositories/mysql/slotRepo.go:44.16,46.3 1 1
parkingSlotManagement/internals/adapters/repositories/mysql/slotRepo.go:47.2,50.18 3 1
parkingSlotManagement/internals/adapters/repositories/mysql/slotRepo.go:50.18,52.70 2 1
parkingSlotManagement/internals/adapters/repositories/mysql/slotRepo.go:52.70,54.4 1 0
parkingSlotManagement/internals/adapters/repositories/mysql/slotRepo.go:55.3,55.27 1 1
parkingSlotManagement/internals/adapters/repositories/mysql/slotRepo.go:57.2,57.19 1 1
parkingSlotManagement/internals/adapters/repositories/mysql/slotRepo.go:59.75,62.16 3 1
parkingSlotManagement/internals/adapters/repositories/mysql/slotRepo.go:62.16,64.3 1 1
parkingSlotManagement/internals/adapters/repositories/mysql/slotRepo.go:65.2,67.18 2 1
parkingSlotManagement/internals/adapters/repositories/mysql/slotRepo.go:67.18,69.79 2 1
parkingSlotManagement/internals/adapters/repositories/mysql/slotRepo.go:69.79,71.4 1 0
parkingSlotManagement/internals/adapters/repositories/mysql/slotRepo.go:72.3,72.30 1 1
parkingSlotManagement/internals/adapters/repositories/mysql/slotRepo.go:74.2,74.19 1 1
parkingSlotManagement/internals/adapters/repositories/mysql/slotRepo.go:77.65,81.16 4 1
parkingSlotManagement/internals/adapters/repositories/mysql/slotRepo.go:81.16,83.27 1 1
parkingSlotManagement/internals/adapters/repositories/mysql/slotRepo.go:83.27,85.4 1 1
parkingSlotManagement/internals/adapters/repositories/mysql/slotRepo.go:86.3,86.57 1 1
parkingSlotManagement/internals/adapters/repositories/mysql/slotRepo.go:88.2,88.22 1 1
parkingSlotManagement/internals/adapters/repositories/mysql/slotRepo.go:91.67,95.16 4 1
parkingSlotManagement/internals/adapters/repositories/mysql/slotRepo.go:95.16,96.27 1 1
parkingSlotManagement/internals/adapters/repositories/mysql/slotRepo.go:96.27,98.4 1 1
parkingSlotManagement/internals/adapters/repositories/mysql/slotRepo.go:99.3,99.53 1 1
parkingSlotManagement/internals/adapters/repositories/mysql/slotRepo.go:101.2,101.19 1 1
parkingSlotManagement/internals/adapters/repositories/mysql/ticketRepo.go:13.44,15.2 1 1
parkingSlotManagement/internals/adapters/repositories/mysql/ticketRepo.go:16.61,19.16 2 1
parkingSlotManagement/internals/adapters/repositories/mysql/ticketRepo.go:19.16,21.3 1 1
parkingSlotManagement/internals/adapters/repositories/mysql/ticketRepo.go:22.2,22.12 1 1
parkingSlotManagement/internals/adapters/repositories/mysql/ticketRepo.go:24.57,27.16 2 1
parkingSlotManagement/internals/adapters/repositories/mysql/ticketRepo.go:27.16,29.3 1 1
parkingSlotManagement/internals/adapters/repositories/mysql/ticketRepo.go:30.2,30.12 1 1
parkingSlotManagement/internals/adapters/repositories/mysql/ticketRepo.go:33.94,39.16 5 1
parkingSlotManagement/internals/adapters/repositories/mysql/ticketRepo.go:39.16,41.3 1 1
parkingSlotManagement/internals/adapters/repositories/mysql/ticketRepo.go:43.2,44.16 2 1
parkingSlotManagement/internals/adapters/repositories/mysql/ticketRepo.go:44.16,46.3 1 0
parkingSlotManagement/internals/adapters/repositories/mysql/ticketRepo.go:48.2,48.21 1 1
