mode: set
parkingSlotManagement/internals/core/services/parking/parking.go:17.90,21.2 1 1
parkingSlotManagement/internals/core/services/parking/parking.go:23.86,26.40 2 1
parkingSlotManagement/internals/core/services/parking/parking.go:26.40,28.3 1 0
parkingSlotManagement/internals/core/services/parking/parking.go:29.2,29.27 1 1
parkingSlotManagement/internals/core/services/parking/parking.go:29.27,32.3 1 1
parkingSlotManagement/internals/core/services/parking/parking.go:34.2,35.16 2 1
parkingSlotManagement/internals/core/services/parking/parking.go:35.16,37.3 1 0
parkingSlotManagement/internals/core/services/parking/parking.go:38.2,39.23 2 1
parkingSlotManagement/internals/core/services/parking/parking.go:39.23,40.22 1 1
parkingSlotManagement/internals/core/services/parking/parking.go:40.22,42.9 2 1
parkingSlotManagement/internals/core/services/parking/parking.go:46.2,46.27 1 1
parkingSlotManagement/internals/core/services/parking/parking.go:46.27,48.3 1 0
parkingSlotManagement/internals/core/services/parking/parking.go:49.2,50.62 2 1
parkingSlotManagement/internals/core/services/parking/parking.go:50.62,52.3 1 0
parkingSlotManagement/internals/core/services/parking/parking.go:53.2,59.57 2 1
parkingSlotManagement/internals/core/services/parking/parking.go:59.57,61.3 1 0
parkingSlotManagement/internals/core/services/parking/parking.go:62.2,62.20 1 1
parkingSlotManagement/internals/core/services/parking/parking.go:66.31,69.2 1 1
parkingSlotManagement/internals/core/services/parking/parking.go:71.79,74.16 3 1
parkingSlotManagement/internals/core/services/parking/parking.go:74.16,76.3 1 1
parkingSlotManagement/internals/core/services/parking/parking.go:77.2,78.16 2 1
parkingSlotManagement/internals/core/services/parking/parking.go:78.16,80.3 1 1
parkingSlotManagement/internals/core/services/parking/parking.go:81.2,82.16 2 1
parkingSlotManagement/internals/core/services/parking/parking.go:82.16,84.3 1 1
parkingSlotManagement/internals/core/services/parking/parking.go:86.2,87.52 2 1
parkingSlotManagement/internals/core/services/parking/parking.go:87.52,89.3 1 0
parkingSlotManagement/internals/core/services/parking/parking.go:91.2,91.66 1 1
parkingSlotManagement/internals/core/services/parking/parking.go:91.66,93.3 1 0
parkingSlotManagement/internals/core/services/parking/parking.go:95.2,95.17 1 1
parkingSlotManagement/internals/core/services/parking/parking.go:98.58,102.2 2 1
parkingSlotManagement/internals/core/services/parking/parking.go:103.69,105.16 2 1
parkingSlotManagement/internals/core/services/parking/parking.go:105.16,107.3 1 0
parkingSlotManagement/internals/core/services/parking/parking.go:108.2,108.19 1 1
parkingSlotManagement/internals/core/services/parking/parking.go:111.110,115.18 3 1
parkingSlotManagement/internals/core/services/parking/parking.go:116.13,118.18 2 1
parkingSlotManagement/internals/core/services/parking/parking.go:119.14,121.18 2 1
parkingSlotManagement/internals/core/services/parking/parking.go:122.10,123.47 1 1
