mode: set
parkingSlotManagement/internals/adapters/requestHandlers/handler.go:16.61,20.2 1 1
parkingSlotManagement/internals/adapters/requestHandlers/handler.go:21.79,23.65 2 1
parkingSlotManagement/internals/adapters/requestHandlers/handler.go:23.65,26.3 2 1
parkingSlotManagement/internals/adapters/requestHandlers/handler.go:27.2,29.16 3 1
parkingSlotManagement/internals/adapters/requestHandlers/handler.go:29.16,32.3 2 1
parkingSlotManagement/internals/adapters/requestHandlers/handler.go:33.2,35.35 3 1
parkingSlotManagement/internals/adapters/requestHandlers/handler.go:38.81,42.61 2 0
parkingSlotManagement/internals/adapters/requestHandlers/handler.go:42.61,45.3 2 0
parkingSlotManagement/internals/adapters/requestHandlers/handler.go:46.2,47.16 2 0
parkingSlotManagement/internals/adapters/requestHandlers/handler.go:47.16,50.3 2 0
parkingSlotManagement/internals/adapters/requestHandlers/handler.go:51.2,57.4 3 0
parkingSlotManagement/internals/adapters/requestHandlers/handler.go:60.68,62.62 2 1
parkingSlotManagement/internals/adapters/requestHandlers/handler.go:62.62,65.3 2 1
parkingSlotManagement/internals/adapters/requestHandlers/handler.go:66.2,67.16 2 1
parkingSlotManagement/internals/adapters/requestHandlers/handler.go:67.16,70.3 2 0
parkingSlotManagement/internals/adapters/requestHandlers/handler.go:71.2,72.44 2 1
parkingSlotManagement/internals/adapters/requestHandlers/handler.go:76.78,78.16 2 1
parkingSlotManagement/internals/adapters/requestHandlers/handler.go:78.16,81.3 2 0
parkingSlotManagement/internals/adapters/requestHandlers/handler.go:83.2,86.57 3 1
parkingSlotManagement/internals/adapters/requestHandlers/handler.go:86.57,88.3 1 0
